#! /usr/share/iverilog-0.9.7/bin/vvp
:ivl_version "0.9.7 " "(v0_9_6)";
:vpi_time_precision - 12;
:vpi_module "system";
:vpi_module "v2005_math";
:vpi_module "va_math";
S_0x19cea30 .scope module, "testbench" "testbench" 2 5;
 .timescale -9 -12;
v0x19ddc30_0 .var "a1", 0 0;
v0x19ddd00_0 .net "y1", 0 0, L_0x19dddb0; 1 drivers
S_0x19ceb20 .scope module, "inv1" "inverter" 2 9, 3 2, S_0x19cea30;
 .timescale 0 0;
L_0x19dddb0 .functor NOT 1, v0x19ddc30_0, C4<0>, C4<0>, C4<0>;
v0x19cec10_0 .net "a", 0 0, v0x19ddc30_0; 1 drivers
v0x19ddb90_0 .alias "y", 0 0, v0x19ddd00_0;
    .scope S_0x19cea30;
T_0 ;
    %vpi_call 2 13 "$dumpfile", "dump.vcd";
    %vpi_call 2 14 "$dumpvars", 2'sb01, S_0x19cea30;
    %set/v v0x19ddc30_0, 1, 1;
    %vpi_call 2 17 "$display", "a=%b", v0x19ddc30_0;
    %delay 1000, 0;
    %vpi_call 2 20 "$display", "y=%b", v0x19ddd00_0;
    %set/v v0x19ddc30_0, 0, 1;
    %vpi_call 2 23 "$display", "a=%b", v0x19ddc30_0;
    %delay 1000, 0;
    %vpi_call 2 26 "$display", "y=%b", v0x19ddd00_0;
    %end;
    .thread T_0;
# The file index is used to find the file name in the following table.
:file_names 4;
    "N/A";
    "<interactive>";
    "testbench.sv";
    "design.sv";
